[dvd-slideshow] Thu Nov 27 16:09:17 CET 2014
[dvd-slideshow] Command line was:
[dvd-slideshow] /usr/bin/dvd-slideshow slideshow
[dvd-slideshow] dvd-slideshow version 0.8.4-1
[dvd-slideshow] Linux mia 3.17.2-1-ARCH #1 SMP PREEMPT Thu Oct 30 20:31:16 CET 2014 i686 GNU/Linux
[dvd-slideshow] Output directory=/media/RAIDVOL1/A_mirko/DATA/res_DATA/A_mirko_project/skripte/slide
[dvd-slideshow] Locale: 
LANG=POSIX
LC_CTYPE="POSIX"
LC_NUMERIC="POSIX"
LC_TIME="POSIX"
LC_COLLATE="POSIX"
LC_MONETARY="POSIX"
LC_MESSAGES="POSIX"
LC_PAPER="POSIX"
LC_NAME="POSIX"
LC_ADDRESS="POSIX"
LC_TELEPHONE="POSIX"
LC_MEASUREMENT="POSIX"
LC_IDENTIFICATION="POSIX"
LC_ALL=
[dvd-slideshow] Using /usr/bin/bash version GNU bash, version 4.3.30(1)-release (i686-pc-linux-gnu)
[dvd-slideshow] Found findutils version 4.4.2
[dvd-slideshow] Found mjpegtools version 2.1.0
[dvd-slideshow] Using mjpegtools subsampling -S 420mpeg2
[dvd-slideshow] Found sox version v14.4.1
[dvd-slideshow] using sox options -2 -n
[dvd-slideshow] Found ImageMagick version 6.9.0-0
[dvd-slideshow] Found dvdauthor version 0.7.1.
[dvd-slideshow]	ffmpeg version 2.4.3 Copyright (c) 2000-2014 the FFmpeg developers
[dvd-slideshow] ####################################
[dvd-slideshow] Parsing input file slideshow
[dvd-slideshow]############################################################
[dvd-slideshow] Title font is /usr/share/fonts/Type1/n019004l.pfb
[dvd-slideshow] Subtitle font is /usr/share/fonts/Type1/n019004l.pfb
[dvd-slideshow] Found 2 images.
[dvd-slideshow] Found 0 audio files.
[dvd-slideshow] Found 0 background slides.
[dvd-slideshow] Found 0 title slides.
[dvd-slideshow] Found 1 transitions (fadein/fadeout/crossfade/wipe).
[dvd-slideshow] Video: NTSC 720x480 29.97fps 4:3
[dvd-slideshow] Audio: AC3 48000 256k
[dvd-slideshow] Debug=0  Autocrop=0 Subtitles=dvd Border=0
[dvd-slideshow] Title_font=/usr/share/fonts/Type1/n019004l.pfb
[dvd-slideshow] Subtitle_font=/usr/share/fonts/Type1/n019004l.pfb
[dvd-slideshow] Running initial error check...
[dvd-slideshow]############################################################
[dvd-slideshow] Total audio length = 
[dvd-slideshow] Total video length = 0:0:10.000
[dvd-slideshow] Temp dir is ...t/skripte/slide/dvd-slideshow_temp_19413
[dvd-slideshow] Creating black background
[dvd-slideshow]############################################################
[dvd-slideshow] 1/2 SAM_0968.JPG 0:0:5.000
[dvd-slideshow] Kenburns 100%;bottomleft;2025,412;4009,1527
[dvd-slideshow]############################################################
[dvd-slideshow] Applying Crossfade between images 0:0:2.000
[dvd-slideshow] Rendering previous kenburns effect for crossfade...
[dvd-slideshow]############################################################
[dvd-slideshow] Rendering next kenburns effect for crossfade...
[dvd-slideshow]############################################################
[dvd-slidsehow] Crossfading...
[dvd-slideshow]############################################################
[dvd-slideshow] 2/2 SAM_0970.JPG 0:0:5.000
[dvd-slideshow] Kenburns 100%;bottomleft;606,754;2234,1926
[dvd-slideshow]############################################################
[dvd-slideshow] mpeg2enc/ffmpeg process=20087
[dvd-slideshow] output from ps:
  PID TTY      STAT   TIME COMMAND
20087 pts/13   Sl+    0:04 ffmpeg -threads 1 -f yuv4mpegpipe -i /media/RAIDVOL1/A_mirko/DATA/res_DATA/A_mirko_project/skripte/slide/dvd-slideshow_temp_19413/dvdss-pipe-19413 -target ntsc-dvd -r 29.97 -an -aspect 4:3 -s 720x480 -y -bf 2 -f mpeg2video /media/RAIDVOL1/A_mirko/DATA/res_DATA/A_mirko_project/skripte/slide/dvd-slideshow_temp_19413/video.mpg
[dvd-slideshow] waiting for encoder to finish...
[dvd-slideshow]#####################################
[dvd-slideshow] No audio files passed. Using 0:0:10.000 silence.
[dvd-slideshow] Working on track 1 audio file 1
[dvd-slideshow] silence
[dvd-slideshow] Creating silence audio file for 0:0:10.000
[dvd-slideshow] This audio plays in slideshow from 0:0:0.000 to 0:0:10.000
[dvd-slideshow] ###############
[dvd-slideshow] Creating ac3 audio...
[dvd-slideshow]############################################################
[dvd-slideshow] Multiplexing audio and video...
[dvd-slideshow] Some sequence marker warnings here are normal
[dvd-slideshow]############################################################
[dvd-slideshow] Running spumux in render mode
[dvd-slideshow] total chapters=0
[dvd-slideshow]############################################################
[dvd-slideshow] cleanup...
[dvd-slideshow] Total runtime was 87577 seconds
[dvd-slideshow] More extensive logfile output is at:
[dvd-slideshow] /media/RAIDVOL1/A_mirko/DATA/res_DATA/A_mirko_project/skripte/slide/slideshow.log
[dvd-slideshow] Done!

[dvd-slideshow] use one of the following comands to view your output:
[dvd-slideshow] totem "/media/RAIDVOL1/A_mirko/DATA/res_DATA/A_mirko_project/skripte/slide/slideshow.vob"
[dvd-slideshow] vlc "/media/RAIDVOL1/A_mirko/DATA/res_DATA/A_mirko_project/skripte/slide/slideshow.vob"
[dvd-slideshow] xine -g -u 0 "/media/RAIDVOL1/A_mirko/DATA/res_DATA/A_mirko_project/skripte/slide/slideshow.vob"
[dvd-slideshow] mplayer -sid 0 "/media/RAIDVOL1/A_mirko/DATA/res_DATA/A_mirko_project/skripte/slide/slideshow.vob"
